20190410 142124 546 DEB - [                                ] druid.sql.Statement                       134: {conn-10008, stmt-20001, rs-50000} query executed. 9.6222 millis. select * from ac_customer
20190410 142140 358 DEB - [                                ] druid.sql.Statement                       134: {conn-10008, stmt-20002, rs-50001} query executed. 3.7856 millis. select * from ac_customer
20190410 142325 708 DEB - [                                ] druid.sql.Statement                       134: {conn-10008, stmt-20003, rs-50002} query executed. 5.8994 millis. select * from AC_CUSTOMER_QUALIFIED
20190410 142330 756 DEB - [                                ] druid.sql.Statement                       134: {conn-10008, stmt-20004, rs-50003} query executed. 3.5534 millis. select * from AC_CUSTOMER_QUALIFIED
20190410 151619 225 DEB - [                                ] druid.sql.Connection                      129: {conn-10008} setAutoCommit false
20190410 151619 692 DEB - [                                ] druid.sql.Statement                       134: {conn-10008, pstmt-20001} Parameters : []
20190410 151619 692 DEB - [                                ] druid.sql.Statement                       134: {conn-10008, pstmt-20001} Types : []
20190410 151619 714 DEB - [                                ] druid.sql.Statement                       134: {conn-10008, pstmt-20001, rs-50000} query executed. 22.5007 millis. select customerqu0_.id as id1_0_, customerqu0_.audit_code as audit_code2_0_, customerqu0_.begin_dade as begin_dade3_0_, customerqu0_.create_date as create_date4_0_, customerqu0_.customer_id as customer_id5_0_, customerqu0_.end_dade as end_dade6_0_, customerqu0_.fund_account as fund_account7_0_, customerqu0_.name as name8_0_, customerqu0_.trade_account as trade_account9_0_ from ac_customer_qualified customerqu0_
20190410 151619 757 DEB - [                                ] druid.sql.Connection                      129: {conn-10008} setAutoCommit true
20190410 153748 606 DEB - [                                ] druid.sql.Connection                      129: {conn-10008} setAutoCommit false
20190410 153748 946 DEB - [                                ] druid.sql.Statement                       134: {conn-10008, pstmt-20001} Parameters : []
20190410 153748 947 DEB - [                                ] druid.sql.Statement                       134: {conn-10008, pstmt-20001} Types : []
20190410 153748 955 DEB - [                                ] druid.sql.Statement                       134: {conn-10008, pstmt-20001, rs-50000} query executed. 8.892 millis. select customerqu0_.id as id1_0_, customerqu0_.audit_code as audit_code2_0_, customerqu0_.begin_dade as begin_dade3_0_, customerqu0_.create_date as create_date4_0_, customerqu0_.customer_id as customer_id5_0_, customerqu0_.end_dade as end_dade6_0_, customerqu0_.fund_account as fund_account7_0_, customerqu0_.name as name8_0_, customerqu0_.trade_account as trade_account9_0_ from ac_customer_qualified customerqu0_
20190410 153748 980 DEB - [                                ] druid.sql.Connection                      129: {conn-10008} setAutoCommit true
20190410 153937 369 DEB - [                                ] druid.sql.Connection                      129: {conn-10008} setAutoCommit false
20190410 153937 736 DEB - [                                ] druid.sql.Statement                       134: {conn-10008, pstmt-20001} Parameters : []
20190410 153937 737 DEB - [                                ] druid.sql.Statement                       134: {conn-10008, pstmt-20001} Types : []
20190410 153937 745 DEB - [                                ] druid.sql.Statement                       134: {conn-10008, pstmt-20001, rs-50000} query executed. 9.0563 millis. select customerqu0_.id as id1_0_, customerqu0_.audit_code as audit_code2_0_, customerqu0_.begin_dade as begin_dade3_0_, customerqu0_.create_date as create_date4_0_, customerqu0_.customer_id as customer_id5_0_, customerqu0_.end_dade as end_dade6_0_, customerqu0_.fund_account as fund_account7_0_, customerqu0_.name as name8_0_, customerqu0_.trade_account as trade_account9_0_ from ac_customer_qualified customerqu0_
20190410 153937 776 DEB - [                                ] druid.sql.Connection                      129: {conn-10008} setAutoCommit true
20190410 170921 683 DEB - [                                ] druid.sql.Connection                      129: {conn-10008} setAutoCommit false
20190410 170921 955 DEB - [                                ] druid.sql.Statement                       134: {conn-10008, pstmt-20001} Parameters : []
20190410 170921 956 DEB - [                                ] druid.sql.Statement                       134: {conn-10008, pstmt-20001} Types : []
20190410 170921 965 DEB - [                                ] druid.sql.Statement                       134: {conn-10008, pstmt-20001, rs-50000} query executed. 10.4804 millis. select customerqu0_.id as id1_0_, customerqu0_.audit_code as audit_code2_0_, customerqu0_.begin_dade as begin_dade3_0_, customerqu0_.create_date as create_date4_0_, customerqu0_.customer_id as customer_id5_0_, customerqu0_.end_dade as end_dade6_0_, customerqu0_.fund_account as fund_account7_0_, customerqu0_.name as name8_0_, customerqu0_.trade_account as trade_account9_0_ from ac_customer_qualified customerqu0_
20190410 170921 988 DEB - [                                ] druid.sql.Connection                      129: {conn-10008} setAutoCommit true
20190410 171445 930 DEB - [                                ] druid.sql.Connection                      129: {conn-10008} setAutoCommit false
20190410 171446 216 DEB - [                                ] druid.sql.Statement                       134: {conn-10008, pstmt-20001} Parameters : []
20190410 171446 217 DEB - [                                ] druid.sql.Statement                       134: {conn-10008, pstmt-20001} Types : []
20190410 171446 225 DEB - [                                ] druid.sql.Statement                       134: {conn-10008, pstmt-20001, rs-50000} query executed. 8.8649 millis. select customerqu0_.id as id1_0_, customerqu0_.audit_code as audit_code2_0_, customerqu0_.begin_dade as begin_dade3_0_, customerqu0_.create_date as create_date4_0_, customerqu0_.customer_id as customer_id5_0_, customerqu0_.end_dade as end_dade6_0_, customerqu0_.fund_account as fund_account7_0_, customerqu0_.name as name8_0_, customerqu0_.trade_account as trade_account9_0_ from ac_customer_qualified customerqu0_
20190410 171446 252 DEB - [                                ] druid.sql.Connection                      129: {conn-10008} setAutoCommit true
