20190411 105004 080 DEB - [                                ] druid.sql.Connection                      129: {conn-10008} setAutoCommit false
20190411 105004 456 DEB - [                                ] druid.sql.Statement                       134: {conn-10008, pstmt-20001} Parameters : []
20190411 105004 456 DEB - [                                ] druid.sql.Statement                       134: {conn-10008, pstmt-20001} Types : []
20190411 105004 465 DEB - [                                ] druid.sql.Statement                       134: {conn-10008, pstmt-20001, rs-50000} query executed. 8.9729 millis. select customerqu0_.id as id1_0_, customerqu0_.audit_code as audit_code2_0_, customerqu0_.begin_dade as begin_dade3_0_, customerqu0_.create_date as create_date4_0_, customerqu0_.customer_id as customer_id5_0_, customerqu0_.end_dade as end_dade6_0_, customerqu0_.fund_account as fund_account7_0_, customerqu0_.name as name8_0_, customerqu0_.trade_account as trade_account9_0_ from ac_customer_qualified customerqu0_
20190411 105004 488 DEB - [                                ] druid.sql.Connection                      129: {conn-10008} setAutoCommit true
20190411 105049 245 DEB - [                                ] druid.sql.Connection                      129: {conn-10008} setAutoCommit false
20190411 105049 251 DEB - [                                ] druid.sql.Statement                       134: {conn-10008, pstmt-20002} Parameters : []
20190411 105049 253 DEB - [                                ] druid.sql.Statement                       134: {conn-10008, pstmt-20002} Types : []
20190411 105049 257 DEB - [                                ] druid.sql.Statement                       134: {conn-10008, pstmt-20002, rs-50001} query executed. 5.5279 millis. select customerqu0_.id as id1_0_, customerqu0_.audit_code as audit_code2_0_, customerqu0_.begin_dade as begin_dade3_0_, customerqu0_.create_date as create_date4_0_, customerqu0_.customer_id as customer_id5_0_, customerqu0_.end_dade as end_dade6_0_, customerqu0_.fund_account as fund_account7_0_, customerqu0_.name as name8_0_, customerqu0_.trade_account as trade_account9_0_ from ac_customer_qualified customerqu0_
20190411 105049 262 DEB - [                                ] druid.sql.Connection                      129: {conn-10008} setAutoCommit true
20190411 105451 491 DEB - [                                ] druid.sql.Connection                      129: {conn-10008} setAutoCommit false
20190411 105451 492 DEB - [                                ] druid.sql.Statement                       134: {conn-10008, pstmt-20003} Parameters : []
20190411 105451 493 DEB - [                                ] druid.sql.Statement                       134: {conn-10008, pstmt-20003} Types : []
20190411 105451 497 DEB - [                                ] druid.sql.Statement                       134: {conn-10008, pstmt-20003, rs-50002} query executed. 4.9821 millis. select customerqu0_.id as id1_0_, customerqu0_.audit_code as audit_code2_0_, customerqu0_.begin_dade as begin_dade3_0_, customerqu0_.create_date as create_date4_0_, customerqu0_.customer_id as customer_id5_0_, customerqu0_.end_dade as end_dade6_0_, customerqu0_.fund_account as fund_account7_0_, customerqu0_.name as name8_0_, customerqu0_.trade_account as trade_account9_0_ from ac_customer_qualified customerqu0_
20190411 105451 502 DEB - [                                ] druid.sql.Connection                      129: {conn-10008} setAutoCommit true
20190411 105635 675 DEB - [                                ] druid.sql.Connection                      129: {conn-10008} setAutoCommit false
20190411 105635 888 DEB - [                                ] druid.sql.Statement                       134: {conn-10008, pstmt-20001} Parameters : []
20190411 105635 888 DEB - [                                ] druid.sql.Statement                       134: {conn-10008, pstmt-20001} Types : []
20190411 105635 897 DEB - [                                ] druid.sql.Statement                       134: {conn-10008, pstmt-20001, rs-50000} query executed. 8.7709 millis. select customerqu0_.id as id1_0_, customerqu0_.audit_code as audit_code2_0_, customerqu0_.begin_dade as begin_dade3_0_, customerqu0_.create_date as create_date4_0_, customerqu0_.customer_id as customer_id5_0_, customerqu0_.end_dade as end_dade6_0_, customerqu0_.fund_account as fund_account7_0_, customerqu0_.name as name8_0_, customerqu0_.trade_account as trade_account9_0_ from ac_customer_qualified customerqu0_
20190411 105635 921 DEB - [                                ] druid.sql.Connection                      129: {conn-10008} setAutoCommit true
20190411 110719 100 DEB - [                                ] druid.sql.Connection                      129: {conn-10008} setAutoCommit false
20190411 110719 530 DEB - [                                ] druid.sql.Statement                       134: {conn-10008, pstmt-20001} Parameters : []
20190411 110719 531 DEB - [                                ] druid.sql.Statement                       134: {conn-10008, pstmt-20001} Types : []
20190411 110719 542 DEB - [                                ] druid.sql.Statement                       134: {conn-10008, pstmt-20001, rs-50000} query executed. 11.4014 millis. select customerqu0_.id as id1_0_, customerqu0_.audit_code as audit_code2_0_, customerqu0_.begin_dade as begin_dade3_0_, customerqu0_.create_date as create_date4_0_, customerqu0_.customer_id as customer_id5_0_, customerqu0_.end_dade as end_dade6_0_, customerqu0_.fund_account as fund_account7_0_, customerqu0_.name as name8_0_, customerqu0_.trade_account as trade_account9_0_ from ac_customer_qualified customerqu0_
20190411 110719 576 DEB - [                                ] druid.sql.Connection                      129: {conn-10008} setAutoCommit true
