20191128 000459 943 INF - [                                ] com.sh.StartApplication                    50: Starting StartApplication on DESKTOP-397LPDK with PID 11044 (E:\project\LapLap\start-ser\target\classes started by NaNa in E:\project\LapLap)
20191128 000459 948 INF - [                                ] com.sh.StartApplication                   654: No active profile set, falling back to default profiles: default
20191128 000459 982 INF - [                                ] ConfigServletWebServerApplicationContext  588: Refreshing org.springframework.boot.web.servlet.context.AnnotationConfigServletWebServerApplicationContext@33c911a1: startup date [Thu Nov 28 00:04:59 CST 2019]; root of context hierarchy
20191128 000500 645 INF - [                                ] o.s.i.config.IntegrationRegistrar         361: No bean named 'integrationHeaderChannelRegistry' has been explicitly defined. Therefore, a default DefaultHeaderChannelRegistry will be created.
20191128 000500 805 INF - [                                ] faultConfiguringBeanFactoryPostProcessor  130: No bean named 'errorChannel' has been explicitly defined. Therefore, a default PublishSubscribeChannel will be created.
20191128 000500 811 INF - [                                ] faultConfiguringBeanFactoryPostProcessor  158: No bean named 'taskScheduler' has been explicitly defined. Therefore, a default ThreadPoolTaskScheduler will be created.
20191128 000500 904 INF - [                                ] trationDelegate$BeanPostProcessorChecker  326: Bean 'org.springframework.transaction.annotation.ProxyTransactionManagementConfiguration' of type [org.springframework.transaction.annotation.ProxyTransactionManagementConfiguration$$EnhancerBySpringCGLIB$$a3aeec8] is not eligible for getting processed by all BeanPostProcessors (for example: not eligible for auto-proxying)
20191128 000500 958 INF - [                                ] trationDelegate$BeanPostProcessorChecker  326: Bean 'org.springframework.integration.config.IntegrationManagementConfiguration' of type [org.springframework.integration.config.IntegrationManagementConfiguration$$EnhancerBySpringCGLIB$$752ca9f7] is not eligible for getting processed by all BeanPostProcessors (for example: not eligible for auto-proxying)
20191128 000501 256 INF - [                                ] o.s.b.w.embedded.tomcat.TomcatWebServer    91: Tomcat initialized with port(s): 9999 (http)
20191128 000501 275 INF - [                                ] o.apache.catalina.core.StandardService    180: Starting service [Tomcat]
20191128 000501 276 INF - [                                ] org.apache.catalina.core.StandardEngine   180: Starting Servlet Engine: Apache Tomcat/8.5.37
20191128 000501 279 INF - [                                ] o.a.catalina.core.AprLifecycleListener    180: The APR based Apache Tomcat Native library which allows optimal performance in production environments was not found on the java.library.path: [C:\Program Files\Java\jdk1.8.0_141\bin;C:\Windows\Sun\Java\bin;C:\Windows\system32;C:\Windows;C:\Program Files (x86)\NVIDIA Corporation\PhysX\Common;C:\Windows\system32;C:\Windows;C:\Windows\System32\Wbem;C:\Windows\System32\WindowsPowerShell\v1.0\;C:\Windows\System32\OpenSSH\;C:\Program Files (x86)\Intel\Intel(R) Management Engine Components\DAL;C:\Program Files\Intel\Intel(R) Management Engine Components\DAL;C:\Program Files\Java\jdk1.8.0_141\bin;E:\work\Maven\apache-maven-3.5.2\bin;E:\work\Git\Git\cmd;C:\Users\NaNa\AppData\Local\Microsoft\WindowsApps;;E:\work\Webstorm\WebStorm 2019.3\bin;;.]
20191128 000501 358 INF - [                                ] o.a.c.c.C.[Tomcat].[localhost].[/sh]      180: Initializing Spring embedded WebApplicationContext
20191128 000501 358 INF - [                                ] o.s.web.context.ContextLoader             296: Root WebApplicationContext: initialization completed in 1376 ms
20191128 000501 403 INF - [                                ] o.s.b.w.servlet.ServletRegistrationBean   187: Servlet dispatcherServlet mapped to [/]
20191128 000501 406 INF - [                                ] o.s.b.w.servlet.FilterRegistrationBean    245: Mapping filter: 'characterEncodingFilter' to: [/*]
20191128 000501 407 INF - [                                ] o.s.b.w.servlet.FilterRegistrationBean    245: Mapping filter: 'hiddenHttpMethodFilter' to: [/*]
20191128 000501 407 INF - [                                ] o.s.b.w.servlet.FilterRegistrationBean    245: Mapping filter: 'httpPutFormContentFilter' to: [/*]
20191128 000501 407 INF - [                                ] o.s.b.w.servlet.FilterRegistrationBean    245: Mapping filter: 'requestContextFilter' to: [/*]
20191128 000501 740 INF - [                                ] j.LocalContainerEntityManagerFactoryBean  361: Building JPA container EntityManagerFactory for persistence unit 'default'
20191128 000501 749 INF - [                                ] o.hibernate.jpa.internal.util.LogHelper    31: HHH000204: Processing PersistenceUnitInfo [
	name: default
	...]
20191128 000501 823 INF - [                                ] org.hibernate.Version                      45: HHH000412: Hibernate Core {5.2.17.Final}
20191128 000501 824 INF - [                                ] org.hibernate.cfg.Environment             213: HHH000206: hibernate.properties not found
20191128 000501 830 WAR - [                                ] .h.j.b.i.EntityManagerFactoryBuilderImpl  604: HHH000059: Defining hibernate.transaction.flush_before_completion=true ignored in HEM
20191128 000501 866 INF - [                                ] o.hibernate.annotations.common.Version     66: HCANN000001: Hibernate Commons Annotations {5.0.1.Final}
20191128 000504 341 INF - [                                ] com.alibaba.druid.pool.DruidDataSource    928: {dataSource-1} inited
20191128 000504 349 INF - [                                ] org.hibernate.dialect.Dialect             157: HHH000400: Using dialect: org.hibernate.dialect.MySQL5InnoDBDialect
20191128 000504 469 WAR - [                                ] ConfigServletWebServerApplicationContext  556: Exception encountered during context initialization - cancelling refresh attempt: org.springframework.beans.factory.BeanCreationException: Error creating bean with name 'entityManagerFactoryBean' defined in class path resource [com/sh/config/DsConf.class]: Bean instantiation via factory method failed; nested exception is org.springframework.beans.BeanInstantiationException: Failed to instantiate [org.springframework.orm.jpa.LocalContainerEntityManagerFactoryBean]: Factory method 'entityManagerFactoryBean' threw exception; nested exception is org.hibernate.AnnotationException: No identifier specified for entity: com.sh.ctrl.entity.Dealers
20191128 000504 471 INF - [                                ] com.alibaba.druid.pool.DruidDataSource   1823: {dataSource-1} closed
20191128 000504 474 INF - [                                ] o.apache.catalina.core.StandardService    180: Stopping service [Tomcat]
20191128 000504 482 INF - [                                ] ConditionEvaluationReportLoggingListener  142: 

Error starting ApplicationContext. To display the conditions report re-run your application with 'debug' enabled.
20191128 000504 489 ERR - [                                ] o.s.boot.SpringApplication                837: Application run failed

org.springframework.beans.factory.BeanCreationException: Error creating bean with name 'entityManagerFactoryBean' defined in class path resource [com/sh/config/DsConf.class]: Bean instantiation via factory method failed; nested exception is org.springframework.beans.BeanInstantiationException: Failed to instantiate [org.springframework.orm.jpa.LocalContainerEntityManagerFactoryBean]: Factory method 'entityManagerFactoryBean' threw exception; nested exception is org.hibernate.AnnotationException: No identifier specified for entity: com.sh.ctrl.entity.Dealers
	at org.springframework.beans.factory.support.ConstructorResolver.instantiateUsingFactoryMethod(ConstructorResolver.java:591)
	at org.springframework.beans.factory.support.AbstractAutowireCapableBeanFactory.instantiateUsingFactoryMethod(AbstractAutowireCapableBeanFactory.java:1246)
	at org.springframework.beans.factory.support.AbstractAutowireCapableBeanFactory.createBeanInstance(AbstractAutowireCapableBeanFactory.java:1096)
	at org.springframework.beans.factory.support.AbstractAutowireCapableBeanFactory.doCreateBean(AbstractAutowireCapableBeanFactory.java:535)
	at org.springframework.beans.factory.support.AbstractAutowireCapableBeanFactory.createBean(AbstractAutowireCapableBeanFactory.java:495)
	at org.springframework.beans.factory.support.AbstractBeanFactory.lambda$doGetBean$0(AbstractBeanFactory.java:317)
	at org.springframework.beans.factory.support.DefaultSingletonBeanRegistry.getSingleton(DefaultSingletonBeanRegistry.java:222)
	at org.springframework.beans.factory.support.AbstractBeanFactory.doGetBean(AbstractBeanFactory.java:315)
	at org.springframework.beans.factory.support.AbstractBeanFactory.getBean(AbstractBeanFactory.java:199)
	at org.springframework.context.support.AbstractApplicationContext.getBean(AbstractApplicationContext.java:1087)
	at org.springframework.context.support.AbstractApplicationContext.finishBeanFactoryInitialization(AbstractApplicationContext.java:857)
	at org.springframework.context.support.AbstractApplicationContext.refresh(AbstractApplicationContext.java:548)
	at org.springframework.boot.web.servlet.context.ServletWebServerApplicationContext.refresh(ServletWebServerApplicationContext.java:142)
	at org.springframework.boot.SpringApplication.refresh(SpringApplication.java:754)
	at org.springframework.boot.SpringApplication.refreshContext(SpringApplication.java:386)
	at org.springframework.boot.SpringApplication.run(SpringApplication.java:307)
	at com.sh.StartApplication.main(StartApplication.java:19)
Caused by: org.springframework.beans.BeanInstantiationException: Failed to instantiate [org.springframework.orm.jpa.LocalContainerEntityManagerFactoryBean]: Factory method 'entityManagerFactoryBean' threw exception; nested exception is org.hibernate.AnnotationException: No identifier specified for entity: com.sh.ctrl.entity.Dealers
	at org.springframework.beans.factory.support.SimpleInstantiationStrategy.instantiate(SimpleInstantiationStrategy.java:185)
	at org.springframework.beans.factory.support.ConstructorResolver.instantiateUsingFactoryMethod(ConstructorResolver.java:583)
	... 16 common frames omitted
Caused by: org.hibernate.AnnotationException: No identifier specified for entity: com.sh.ctrl.entity.Dealers
	at org.hibernate.cfg.InheritanceState.determineDefaultAccessType(InheritanceState.java:266)
	at org.hibernate.cfg.InheritanceState.getElementsToProcess(InheritanceState.java:211)
	at org.hibernate.cfg.AnnotationBinder.bindClass(AnnotationBinder.java:731)
	at org.hibernate.boot.model.source.internal.annotations.AnnotationMetadataSourceProcessorImpl.processEntityHierarchies(AnnotationMetadataSourceProcessorImpl.java:249)
	at org.hibernate.boot.model.process.spi.MetadataBuildingProcess$1.processEntityHierarchies(MetadataBuildingProcess.java:222)
	at org.hibernate.boot.model.process.spi.MetadataBuildingProcess.complete(MetadataBuildingProcess.java:265)
	at org.hibernate.jpa.boot.internal.EntityManagerFactoryBuilderImpl.metadata(EntityManagerFactoryBuilderImpl.java:861)
	at org.hibernate.jpa.boot.internal.EntityManagerFactoryBuilderImpl.build(EntityManagerFactoryBuilderImpl.java:888)
	at org.hibernate.jpa.HibernatePersistenceProvider.createContainerEntityManagerFactory(HibernatePersistenceProvider.java:151)
	at org.springframework.orm.jpa.LocalContainerEntityManagerFactoryBean.createNativeEntityManagerFactory(LocalContainerEntityManagerFactoryBean.java:365)
	at org.springframework.orm.jpa.AbstractEntityManagerFactoryBean.buildNativeEntityManagerFactory(AbstractEntityManagerFactoryBean.java:390)
	at org.springframework.orm.jpa.AbstractEntityManagerFactoryBean.afterPropertiesSet(AbstractEntityManagerFactoryBean.java:377)
	at org.springframework.orm.jpa.LocalContainerEntityManagerFactoryBean.afterPropertiesSet(LocalContainerEntityManagerFactoryBean.java:341)
	at com.sh.config.DsConf.entityManagerFactoryBean(DsConf.java:134)
	at com.sh.config.DsConf$$EnhancerBySpringCGLIB$$12055f20.CGLIB$entityManagerFactoryBean$3(<generated>)
	at com.sh.config.DsConf$$EnhancerBySpringCGLIB$$12055f20$$FastClassBySpringCGLIB$$fa59fabb.invoke(<generated>)
	at org.springframework.cglib.proxy.MethodProxy.invokeSuper(MethodProxy.java:228)
	at org.springframework.context.annotation.ConfigurationClassEnhancer$BeanMethodInterceptor.intercept(ConfigurationClassEnhancer.java:365)
	at com.sh.config.DsConf$$EnhancerBySpringCGLIB$$12055f20.entityManagerFactoryBean(<generated>)
	at sun.reflect.NativeMethodAccessorImpl.invoke0(Native Method)
	at sun.reflect.NativeMethodAccessorImpl.invoke(NativeMethodAccessorImpl.java:62)
	at sun.reflect.DelegatingMethodAccessorImpl.invoke(DelegatingMethodAccessorImpl.java:43)
	at java.lang.reflect.Method.invoke(Method.java:498)
	at org.springframework.beans.factory.support.SimpleInstantiationStrategy.instantiate(SimpleInstantiationStrategy.java:154)
	... 17 common frames omitted

20191128 000658 877 INF - [                                ] com.sh.StartApplication                    50: Starting StartApplication on DESKTOP-397LPDK with PID 1472 (E:\project\LapLap\start-ser\target\classes started by NaNa in E:\project\LapLap)
20191128 000658 880 INF - [                                ] com.sh.StartApplication                   654: No active profile set, falling back to default profiles: default
20191128 000658 907 INF - [                                ] ConfigServletWebServerApplicationContext  588: Refreshing org.springframework.boot.web.servlet.context.AnnotationConfigServletWebServerApplicationContext@65d09a04: startup date [Thu Nov 28 00:06:58 CST 2019]; root of context hierarchy
20191128 000659 546 INF - [                                ] o.s.i.config.IntegrationRegistrar         361: No bean named 'integrationHeaderChannelRegistry' has been explicitly defined. Therefore, a default DefaultHeaderChannelRegistry will be created.
20191128 000659 697 INF - [                                ] faultConfiguringBeanFactoryPostProcessor  130: No bean named 'errorChannel' has been explicitly defined. Therefore, a default PublishSubscribeChannel will be created.
20191128 000659 701 INF - [                                ] faultConfiguringBeanFactoryPostProcessor  158: No bean named 'taskScheduler' has been explicitly defined. Therefore, a default ThreadPoolTaskScheduler will be created.
20191128 000659 792 INF - [                                ] trationDelegate$BeanPostProcessorChecker  326: Bean 'org.springframework.transaction.annotation.ProxyTransactionManagementConfiguration' of type [org.springframework.transaction.annotation.ProxyTransactionManagementConfiguration$$EnhancerBySpringCGLIB$$18a77dcb] is not eligible for getting processed by all BeanPostProcessors (for example: not eligible for auto-proxying)
20191128 000659 846 INF - [                                ] trationDelegate$BeanPostProcessorChecker  326: Bean 'org.springframework.integration.config.IntegrationManagementConfiguration' of type [org.springframework.integration.config.IntegrationManagementConfiguration$$EnhancerBySpringCGLIB$$839938fa] is not eligible for getting processed by all BeanPostProcessors (for example: not eligible for auto-proxying)
20191128 000700 121 INF - [                                ] o.s.b.w.embedded.tomcat.TomcatWebServer    91: Tomcat initialized with port(s): 9999 (http)
20191128 000700 138 INF - [                                ] o.apache.catalina.core.StandardService    180: Starting service [Tomcat]
20191128 000700 139 INF - [                                ] org.apache.catalina.core.StandardEngine   180: Starting Servlet Engine: Apache Tomcat/8.5.37
20191128 000700 142 INF - [                                ] o.a.catalina.core.AprLifecycleListener    180: The APR based Apache Tomcat Native library which allows optimal performance in production environments was not found on the java.library.path: [C:\Program Files\Java\jdk1.8.0_141\bin;C:\Windows\Sun\Java\bin;C:\Windows\system32;C:\Windows;C:\Program Files (x86)\NVIDIA Corporation\PhysX\Common;C:\Windows\system32;C:\Windows;C:\Windows\System32\Wbem;C:\Windows\System32\WindowsPowerShell\v1.0\;C:\Windows\System32\OpenSSH\;C:\Program Files (x86)\Intel\Intel(R) Management Engine Components\DAL;C:\Program Files\Intel\Intel(R) Management Engine Components\DAL;C:\Program Files\Java\jdk1.8.0_141\bin;E:\work\Maven\apache-maven-3.5.2\bin;E:\work\Git\Git\cmd;C:\Users\NaNa\AppData\Local\Microsoft\WindowsApps;;E:\work\Webstorm\WebStorm 2019.3\bin;;.]
20191128 000700 233 INF - [                                ] o.a.c.c.C.[Tomcat].[localhost].[/sh]      180: Initializing Spring embedded WebApplicationContext
20191128 000700 233 INF - [                                ] o.s.web.context.ContextLoader             296: Root WebApplicationContext: initialization completed in 1327 ms
20191128 000700 281 INF - [                                ] o.s.b.w.servlet.ServletRegistrationBean   187: Servlet dispatcherServlet mapped to [/]
20191128 000700 284 INF - [                                ] o.s.b.w.servlet.FilterRegistrationBean    245: Mapping filter: 'characterEncodingFilter' to: [/*]
20191128 000700 284 INF - [                                ] o.s.b.w.servlet.FilterRegistrationBean    245: Mapping filter: 'hiddenHttpMethodFilter' to: [/*]
20191128 000700 284 INF - [                                ] o.s.b.w.servlet.FilterRegistrationBean    245: Mapping filter: 'httpPutFormContentFilter' to: [/*]
20191128 000700 285 INF - [                                ] o.s.b.w.servlet.FilterRegistrationBean    245: Mapping filter: 'requestContextFilter' to: [/*]
20191128 000700 590 INF - [                                ] j.LocalContainerEntityManagerFactoryBean  361: Building JPA container EntityManagerFactory for persistence unit 'default'
20191128 000700 599 INF - [                                ] o.hibernate.jpa.internal.util.LogHelper    31: HHH000204: Processing PersistenceUnitInfo [
	name: default
	...]
20191128 000700 647 INF - [                                ] org.hibernate.Version                      45: HHH000412: Hibernate Core {5.2.17.Final}
20191128 000700 648 INF - [                                ] org.hibernate.cfg.Environment             213: HHH000206: hibernate.properties not found
20191128 000700 651 WAR - [                                ] .h.j.b.i.EntityManagerFactoryBuilderImpl  604: HHH000059: Defining hibernate.transaction.flush_before_completion=true ignored in HEM
20191128 000700 673 INF - [                                ] o.hibernate.annotations.common.Version     66: HCANN000001: Hibernate Commons Annotations {5.0.1.Final}
20191128 000703 096 INF - [                                ] com.alibaba.druid.pool.DruidDataSource    928: {dataSource-1} inited
20191128 000703 102 INF - [                                ] org.hibernate.dialect.Dialect             157: HHH000400: Using dialect: org.hibernate.dialect.MySQL5InnoDBDialect
20191128 000703 435 INF - [                                ] j.LocalContainerEntityManagerFactoryBean  415: Initialized JPA EntityManagerFactory for persistence unit 'default'
20191128 000703 444 INF - [                                ] j.LocalContainerEntityManagerFactoryBean  361: Building JPA container EntityManagerFactory for persistence unit 'default'
20191128 000703 444 INF - [                                ] o.hibernate.jpa.internal.util.LogHelper    31: HHH000204: Processing PersistenceUnitInfo [
	name: default
	...]
20191128 000703 445 WAR - [                                ] .h.j.b.i.EntityManagerFactoryBuilderImpl  604: HHH000059: Defining hibernate.transaction.flush_before_completion=true ignored in HEM
20191128 000703 451 INF - [                                ] org.hibernate.dialect.Dialect             157: HHH000400: Using dialect: org.hibernate.dialect.MySQL5InnoDBDialect
20191128 000703 480 INF - [                                ] j.LocalContainerEntityManagerFactoryBean  415: Initialized JPA EntityManagerFactory for persistence unit 'default'
20191128 000704 022 WAR - [                                ] aWebConfiguration$JpaWebMvcConfiguration  237: spring.jpa.open-in-view is enabled by default. Therefore, database queries may be performed during view rendering. Explicitly configure spring.jpa.open-in-view to disable this warning
20191128 000704 069 INF - [                                ] s.w.s.m.m.a.RequestMappingHandlerMapping  550: Mapped "{[/beijing/login/login],methods=[GET]}" onto public com.sh.common.wrapper.ResultObWrapper<com.sh.ctrl.entity.SysUser> com.sh.controller.LoginController.getLogin()
20191128 000704 071 INF - [                                ] s.w.s.m.m.a.RequestMappingHandlerMapping  550: Mapped "{[/questionBank/findAll],methods=[POST]}" onto public com.sh.common.wrapper.ResultBase com.sh.controller.QuestionBankController.findAll(java.lang.String)
20191128 000704 074 INF - [                                ] s.w.s.m.m.a.RequestMappingHandlerMapping  550: Mapped "{[/swagger-resources]}" onto public org.springframework.http.ResponseEntity<java.util.List<springfox.documentation.swagger.web.SwaggerResource>> springfox.documentation.swagger.web.ApiResourceController.swaggerResources()
20191128 000704 074 INF - [                                ] s.w.s.m.m.a.RequestMappingHandlerMapping  550: Mapped "{[/swagger-resources/configuration/ui]}" onto public org.springframework.http.ResponseEntity<springfox.documentation.swagger.web.UiConfiguration> springfox.documentation.swagger.web.ApiResourceController.uiConfiguration()
20191128 000704 075 INF - [                                ] s.w.s.m.m.a.RequestMappingHandlerMapping  550: Mapped "{[/swagger-resources/configuration/security]}" onto public org.springframework.http.ResponseEntity<springfox.documentation.swagger.web.SecurityConfiguration> springfox.documentation.swagger.web.ApiResourceController.securityConfiguration()
20191128 000704 077 INF - [                                ] s.w.s.m.m.a.RequestMappingHandlerMapping  550: Mapped "{[/error]}" onto public org.springframework.http.ResponseEntity<java.util.Map<java.lang.String, java.lang.Object>> org.springframework.boot.autoconfigure.web.servlet.error.BasicErrorController.error(javax.servlet.http.HttpServletRequest)
20191128 000704 077 INF - [                                ] s.w.s.m.m.a.RequestMappingHandlerMapping  550: Mapped "{[/error],produces=[text/html]}" onto public org.springframework.web.servlet.ModelAndView org.springframework.boot.autoconfigure.web.servlet.error.BasicErrorController.errorHtml(javax.servlet.http.HttpServletRequest,javax.servlet.http.HttpServletResponse)
20191128 000704 232 INF - [                                ] pertySourcedRequestMappingHandlerMapping   69: Mapped URL path [/v2/api-docs] onto method [public org.springframework.http.ResponseEntity<springfox.documentation.spring.web.json.Json> springfox.documentation.swagger2.web.Swagger2Controller.getDocumentation(java.lang.String,javax.servlet.http.HttpServletRequest)]
20191128 000704 288 INF - [                                ] o.s.w.s.handler.SimpleUrlHandlerMapping   373: Mapped URL path [/**/favicon.ico] onto handler of type [class org.springframework.web.servlet.resource.ResourceHttpRequestHandler]
20191128 000704 408 INF - [                                ] s.w.s.m.m.a.RequestMappingHandlerAdapter  588: Looking for @ControllerAdvice: org.springframework.boot.web.servlet.context.AnnotationConfigServletWebServerApplicationContext@65d09a04: startup date [Thu Nov 28 00:06:58 CST 2019]; root of context hierarchy
20191128 000704 444 INF - [                                ] o.s.w.s.handler.SimpleUrlHandlerMapping   373: Mapped URL path [/webjars/**] onto handler of type [class org.springframework.web.servlet.resource.ResourceHttpRequestHandler]
20191128 000704 444 INF - [                                ] o.s.w.s.handler.SimpleUrlHandlerMapping   373: Mapped URL path [/**] onto handler of type [class org.springframework.web.servlet.resource.ResourceHttpRequestHandler]
20191128 000704 495 WAR - [                                ] ion$DefaultTemplateResolverConfiguration  107: Cannot find template location: classpath:/templates/ (please add some templates or check your Thymeleaf configuration)
20191128 000704 651 INF - [                                ] o.s.ui.freemarker.SpringTemplateLoader     62: SpringTemplateLoader for FreeMarker: using resource loader [org.springframework.boot.web.servlet.context.AnnotationConfigServletWebServerApplicationContext@65d09a04: startup date [Thu Nov 28 00:06:58 CST 2019]; root of context hierarchy] and template loader path [classpath:/templates/]
20191128 000704 652 INF - [                                ] o.s.w.s.v.f.FreeMarkerConfigurer          131: ClassTemplateLoader for Spring macros added to FreeMarker configuration
20191128 000704 672 WAR - [                                ] o.s.b.a.f.FreeMarkerAutoConfiguration      70: Cannot find template location(s): [classpath:/templates/] (please add some templates, check your FreeMarker configuration, or set spring.freemarker.checkTemplateLocation=false)
20191128 000704 723 INF - [                                ] o.s.s.c.ThreadPoolTaskScheduler           171: Initializing ExecutorService 'taskScheduler'
20191128 000704 880 INF - [                                ] o.s.j.e.a.AnnotationMBeanExporter         433: Registering beans for JMX exposure on startup
20191128 000704 881 INF - [                                ] o.s.j.e.a.AnnotationMBeanExporter         895: Bean with name 'myDataSource' has been autodetected for JMX exposure
20191128 000704 887 INF - [                                ] o.s.j.e.a.AnnotationMBeanExporter         668: Located MBean 'myDataSource': registering with JMX server as MBean [com.alibaba.druid.pool:name=myDataSource,type=DruidDataSource]
20191128 000704 894 INF - [                                ] o.s.c.support.DefaultLifecycleProcessor   356: Starting beans in phase 0
20191128 000704 895 INF - [                                ] o.s.i.endpoint.EventDrivenConsumer        107: Adding {logging-channel-adapter:_org.springframework.integration.errorLogger} as a subscriber to the 'errorChannel' channel
20191128 000704 895 INF - [                                ] o.s.i.channel.PublishSubscribeChannel      64: Channel 'application.errorChannel' has 1 subscriber(s).
20191128 000704 895 INF - [                                ] o.s.i.endpoint.EventDrivenConsumer        165: started _org.springframework.integration.errorLogger
20191128 000704 895 INF - [                                ] o.s.c.support.DefaultLifecycleProcessor   356: Starting beans in phase 2147483647
20191128 000704 895 INF - [                                ] d.s.w.p.DocumentationPluginsBootstrapper  160: Context refreshed
20191128 000704 905 INF - [                                ] d.s.w.p.DocumentationPluginsBootstrapper  163: Found 3 custom documentation plugin(s)
20191128 000704 925 INF - [                                ] s.d.s.w.s.ApiListingReferenceScanner       41: Scanning for api listing references
20191128 000704 937 INF - [                                ] s.d.s.w.s.ApiListingReferenceScanner       41: Scanning for api listing references
20191128 000704 939 INF - [                                ] s.d.s.w.s.ApiListingReferenceScanner       41: Scanning for api listing references
20191128 000704 960 INF - [                                ] o.s.b.w.embedded.tomcat.TomcatWebServer   206: Tomcat started on port(s): 9999 (http) with context path '/sh'
20191128 000704 962 INF - [                                ] com.sh.StartApplication                    59: Started StartApplication in 6.325 seconds (JVM running for 6.91)
20191128 000708 336 INF - [                                ] o.a.c.c.C.[Tomcat].[localhost].[/sh]      180: Initializing Spring FrameworkServlet 'dispatcherServlet'
20191128 000708 336 INF - [                                ] o.s.web.servlet.DispatcherServlet         497: FrameworkServlet 'dispatcherServlet': initialization started
20191128 000708 350 INF - [                                ] o.s.web.servlet.DispatcherServlet         512: FrameworkServlet 'dispatcherServlet': initialization completed in 13 ms
20191128 000750 136 INF - [                                ] com.sh.StartApplication                    50: Starting StartApplication on DESKTOP-397LPDK with PID 3248 (E:\project\LapLap\start-ser\target\classes started by NaNa in E:\project\LapLap)
20191128 000750 140 INF - [                                ] com.sh.StartApplication                   654: No active profile set, falling back to default profiles: default
20191128 000750 165 INF - [                                ] ConfigServletWebServerApplicationContext  588: Refreshing org.springframework.boot.web.servlet.context.AnnotationConfigServletWebServerApplicationContext@65d09a04: startup date [Thu Nov 28 00:07:50 CST 2019]; root of context hierarchy
20191128 000750 777 INF - [                                ] o.s.i.config.IntegrationRegistrar         361: No bean named 'integrationHeaderChannelRegistry' has been explicitly defined. Therefore, a default DefaultHeaderChannelRegistry will be created.
20191128 000750 925 INF - [                                ] faultConfiguringBeanFactoryPostProcessor  130: No bean named 'errorChannel' has been explicitly defined. Therefore, a default PublishSubscribeChannel will be created.
20191128 000750 929 INF - [                                ] faultConfiguringBeanFactoryPostProcessor  158: No bean named 'taskScheduler' has been explicitly defined. Therefore, a default ThreadPoolTaskScheduler will be created.
20191128 000751 019 INF - [                                ] trationDelegate$BeanPostProcessorChecker  326: Bean 'org.springframework.transaction.annotation.ProxyTransactionManagementConfiguration' of type [org.springframework.transaction.annotation.ProxyTransactionManagementConfiguration$$EnhancerBySpringCGLIB$$6eb080ee] is not eligible for getting processed by all BeanPostProcessors (for example: not eligible for auto-proxying)
20191128 000751 070 INF - [                                ] trationDelegate$BeanPostProcessorChecker  326: Bean 'org.springframework.integration.config.IntegrationManagementConfiguration' of type [org.springframework.integration.config.IntegrationManagementConfiguration$$EnhancerBySpringCGLIB$$d9a23c1d] is not eligible for getting processed by all BeanPostProcessors (for example: not eligible for auto-proxying)
20191128 000751 326 INF - [                                ] o.s.b.w.embedded.tomcat.TomcatWebServer    91: Tomcat initialized with port(s): 9999 (http)
20191128 000751 342 INF - [                                ] o.apache.catalina.core.StandardService    180: Starting service [Tomcat]
20191128 000751 342 INF - [                                ] org.apache.catalina.core.StandardEngine   180: Starting Servlet Engine: Apache Tomcat/8.5.37
20191128 000751 345 INF - [                                ] o.a.catalina.core.AprLifecycleListener    180: The APR based Apache Tomcat Native library which allows optimal performance in production environments was not found on the java.library.path: [C:\Program Files\Java\jdk1.8.0_141\bin;C:\Windows\Sun\Java\bin;C:\Windows\system32;C:\Windows;C:\Program Files (x86)\NVIDIA Corporation\PhysX\Common;C:\Windows\system32;C:\Windows;C:\Windows\System32\Wbem;C:\Windows\System32\WindowsPowerShell\v1.0\;C:\Windows\System32\OpenSSH\;C:\Program Files (x86)\Intel\Intel(R) Management Engine Components\DAL;C:\Program Files\Intel\Intel(R) Management Engine Components\DAL;C:\Program Files\Java\jdk1.8.0_141\bin;E:\work\Maven\apache-maven-3.5.2\bin;E:\work\Git\Git\cmd;C:\Users\NaNa\AppData\Local\Microsoft\WindowsApps;;E:\work\Webstorm\WebStorm 2019.3\bin;;.]
20191128 000751 436 INF - [                                ] o.a.c.c.C.[Tomcat].[localhost].[/sh]      180: Initializing Spring embedded WebApplicationContext
20191128 000751 436 INF - [                                ] o.s.web.context.ContextLoader             296: Root WebApplicationContext: initialization completed in 1271 ms
20191128 000751 482 INF - [                                ] o.s.b.w.servlet.ServletRegistrationBean   187: Servlet dispatcherServlet mapped to [/]
20191128 000751 485 INF - [                                ] o.s.b.w.servlet.FilterRegistrationBean    245: Mapping filter: 'characterEncodingFilter' to: [/*]
20191128 000751 486 INF - [                                ] o.s.b.w.servlet.FilterRegistrationBean    245: Mapping filter: 'hiddenHttpMethodFilter' to: [/*]
20191128 000751 486 INF - [                                ] o.s.b.w.servlet.FilterRegistrationBean    245: Mapping filter: 'httpPutFormContentFilter' to: [/*]
20191128 000751 486 INF - [                                ] o.s.b.w.servlet.FilterRegistrationBean    245: Mapping filter: 'requestContextFilter' to: [/*]
20191128 000751 795 INF - [                                ] j.LocalContainerEntityManagerFactoryBean  361: Building JPA container EntityManagerFactory for persistence unit 'default'
20191128 000751 804 INF - [                                ] o.hibernate.jpa.internal.util.LogHelper    31: HHH000204: Processing PersistenceUnitInfo [
	name: default
	...]
20191128 000751 850 INF - [                                ] org.hibernate.Version                      45: HHH000412: Hibernate Core {5.2.17.Final}
20191128 000751 851 INF - [                                ] org.hibernate.cfg.Environment             213: HHH000206: hibernate.properties not found
20191128 000751 855 WAR - [                                ] .h.j.b.i.EntityManagerFactoryBuilderImpl  604: HHH000059: Defining hibernate.transaction.flush_before_completion=true ignored in HEM
20191128 000751 877 INF - [                                ] o.hibernate.annotations.common.Version     66: HCANN000001: Hibernate Commons Annotations {5.0.1.Final}
20191128 000754 283 INF - [                                ] com.alibaba.druid.pool.DruidDataSource    928: {dataSource-1} inited
20191128 000754 288 INF - [                                ] org.hibernate.dialect.Dialect             157: HHH000400: Using dialect: org.hibernate.dialect.MySQL5InnoDBDialect
20191128 000754 605 INF - [                                ] j.LocalContainerEntityManagerFactoryBean  415: Initialized JPA EntityManagerFactory for persistence unit 'default'
20191128 000754 613 INF - [                                ] j.LocalContainerEntityManagerFactoryBean  361: Building JPA container EntityManagerFactory for persistence unit 'default'
20191128 000754 614 INF - [                                ] o.hibernate.jpa.internal.util.LogHelper    31: HHH000204: Processing PersistenceUnitInfo [
	name: default
	...]
20191128 000754 615 WAR - [                                ] .h.j.b.i.EntityManagerFactoryBuilderImpl  604: HHH000059: Defining hibernate.transaction.flush_before_completion=true ignored in HEM
20191128 000754 622 INF - [                                ] org.hibernate.dialect.Dialect             157: HHH000400: Using dialect: org.hibernate.dialect.MySQL5InnoDBDialect
20191128 000754 650 INF - [                                ] j.LocalContainerEntityManagerFactoryBean  415: Initialized JPA EntityManagerFactory for persistence unit 'default'
20191128 000755 123 WAR - [                                ] aWebConfiguration$JpaWebMvcConfiguration  237: spring.jpa.open-in-view is enabled by default. Therefore, database queries may be performed during view rendering. Explicitly configure spring.jpa.open-in-view to disable this warning
20191128 000755 165 INF - [                                ] s.w.s.m.m.a.RequestMappingHandlerMapping  550: Mapped "{[/beijing/login/login],methods=[GET]}" onto public com.sh.common.wrapper.ResultObWrapper<com.sh.ctrl.entity.SysUser> com.sh.controller.LoginController.getLogin()
20191128 000755 168 INF - [                                ] s.w.s.m.m.a.RequestMappingHandlerMapping  550: Mapped "{[/questionBank/findAll],methods=[POST]}" onto public com.sh.common.wrapper.ResultBase com.sh.controller.QuestionBankController.findAll(java.lang.String)
20191128 000755 170 INF - [                                ] s.w.s.m.m.a.RequestMappingHandlerMapping  550: Mapped "{[/swagger-resources]}" onto public org.springframework.http.ResponseEntity<java.util.List<springfox.documentation.swagger.web.SwaggerResource>> springfox.documentation.swagger.web.ApiResourceController.swaggerResources()
20191128 000755 171 INF - [                                ] s.w.s.m.m.a.RequestMappingHandlerMapping  550: Mapped "{[/swagger-resources/configuration/ui]}" onto public org.springframework.http.ResponseEntity<springfox.documentation.swagger.web.UiConfiguration> springfox.documentation.swagger.web.ApiResourceController.uiConfiguration()
20191128 000755 171 INF - [                                ] s.w.s.m.m.a.RequestMappingHandlerMapping  550: Mapped "{[/swagger-resources/configuration/security]}" onto public org.springframework.http.ResponseEntity<springfox.documentation.swagger.web.SecurityConfiguration> springfox.documentation.swagger.web.ApiResourceController.securityConfiguration()
20191128 000755 173 INF - [                                ] s.w.s.m.m.a.RequestMappingHandlerMapping  550: Mapped "{[/error]}" onto public org.springframework.http.ResponseEntity<java.util.Map<java.lang.String, java.lang.Object>> org.springframework.boot.autoconfigure.web.servlet.error.BasicErrorController.error(javax.servlet.http.HttpServletRequest)
20191128 000755 174 INF - [                                ] s.w.s.m.m.a.RequestMappingHandlerMapping  550: Mapped "{[/error],produces=[text/html]}" onto public org.springframework.web.servlet.ModelAndView org.springframework.boot.autoconfigure.web.servlet.error.BasicErrorController.errorHtml(javax.servlet.http.HttpServletRequest,javax.servlet.http.HttpServletResponse)
20191128 000755 300 INF - [                                ] pertySourcedRequestMappingHandlerMapping   69: Mapped URL path [/v2/api-docs] onto method [public org.springframework.http.ResponseEntity<springfox.documentation.spring.web.json.Json> springfox.documentation.swagger2.web.Swagger2Controller.getDocumentation(java.lang.String,javax.servlet.http.HttpServletRequest)]
20191128 000755 363 INF - [                                ] o.s.w.s.handler.SimpleUrlHandlerMapping   373: Mapped URL path [/**/favicon.ico] onto handler of type [class org.springframework.web.servlet.resource.ResourceHttpRequestHandler]
20191128 000755 502 INF - [                                ] s.w.s.m.m.a.RequestMappingHandlerAdapter  588: Looking for @ControllerAdvice: org.springframework.boot.web.servlet.context.AnnotationConfigServletWebServerApplicationContext@65d09a04: startup date [Thu Nov 28 00:07:50 CST 2019]; root of context hierarchy
20191128 000755 537 INF - [                                ] o.s.w.s.handler.SimpleUrlHandlerMapping   373: Mapped URL path [/webjars/**] onto handler of type [class org.springframework.web.servlet.resource.ResourceHttpRequestHandler]
20191128 000755 537 INF - [                                ] o.s.w.s.handler.SimpleUrlHandlerMapping   373: Mapped URL path [/**] onto handler of type [class org.springframework.web.servlet.resource.ResourceHttpRequestHandler]
20191128 000755 589 WAR - [                                ] ion$DefaultTemplateResolverConfiguration  107: Cannot find template location: classpath:/templates/ (please add some templates or check your Thymeleaf configuration)
20191128 000755 731 INF - [                                ] o.s.ui.freemarker.SpringTemplateLoader     62: SpringTemplateLoader for FreeMarker: using resource loader [org.springframework.boot.web.servlet.context.AnnotationConfigServletWebServerApplicationContext@65d09a04: startup date [Thu Nov 28 00:07:50 CST 2019]; root of context hierarchy] and template loader path [classpath:/templates/]
20191128 000755 732 INF - [                                ] o.s.w.s.v.f.FreeMarkerConfigurer          131: ClassTemplateLoader for Spring macros added to FreeMarker configuration
20191128 000755 749 WAR - [                                ] o.s.b.a.f.FreeMarkerAutoConfiguration      70: Cannot find template location(s): [classpath:/templates/] (please add some templates, check your FreeMarker configuration, or set spring.freemarker.checkTemplateLocation=false)
20191128 000755 797 INF - [                                ] o.s.s.c.ThreadPoolTaskScheduler           171: Initializing ExecutorService 'taskScheduler'
20191128 000755 949 INF - [                                ] o.s.j.e.a.AnnotationMBeanExporter         433: Registering beans for JMX exposure on startup
20191128 000755 950 INF - [                                ] o.s.j.e.a.AnnotationMBeanExporter         895: Bean with name 'myDataSource' has been autodetected for JMX exposure
20191128 000755 955 INF - [                                ] o.s.j.e.a.AnnotationMBeanExporter         668: Located MBean 'myDataSource': registering with JMX server as MBean [com.alibaba.druid.pool:name=myDataSource,type=DruidDataSource]
20191128 000755 962 INF - [                                ] o.s.c.support.DefaultLifecycleProcessor   356: Starting beans in phase 0
20191128 000755 962 INF - [                                ] o.s.i.endpoint.EventDrivenConsumer        107: Adding {logging-channel-adapter:_org.springframework.integration.errorLogger} as a subscriber to the 'errorChannel' channel
20191128 000755 962 INF - [                                ] o.s.i.channel.PublishSubscribeChannel      64: Channel 'application.errorChannel' has 1 subscriber(s).
20191128 000755 963 INF - [                                ] o.s.i.endpoint.EventDrivenConsumer        165: started _org.springframework.integration.errorLogger
20191128 000755 963 INF - [                                ] o.s.c.support.DefaultLifecycleProcessor   356: Starting beans in phase 2147483647
20191128 000755 963 INF - [                                ] d.s.w.p.DocumentationPluginsBootstrapper  160: Context refreshed
20191128 000755 974 INF - [                                ] d.s.w.p.DocumentationPluginsBootstrapper  163: Found 1 custom documentation plugin(s)
20191128 000755 991 INF - [                                ] s.d.s.w.s.ApiListingReferenceScanner       41: Scanning for api listing references
20191128 000756 227 INF - [                                ] o.s.b.w.embedded.tomcat.TomcatWebServer   206: Tomcat started on port(s): 9999 (http) with context path '/sh'
20191128 000756 229 INF - [                                ] com.sh.StartApplication                    59: Started StartApplication in 6.309 seconds (JVM running for 6.909)
20191128 000802 707 INF - [                                ] o.a.c.c.C.[Tomcat].[localhost].[/sh]      180: Initializing Spring FrameworkServlet 'dispatcherServlet'
20191128 000802 707 INF - [                                ] o.s.web.servlet.DispatcherServlet         497: FrameworkServlet 'dispatcherServlet': initialization started
20191128 000802 721 INF - [                                ] o.s.web.servlet.DispatcherServlet         512: FrameworkServlet 'dispatcherServlet': initialization completed in 14 ms
20191128 000806 041 INF - [                                ] o.h.h.i.QueryTranslatorFactoryInitiator    47: HHH000397: Using ASTQueryTranslatorFactory
20191128 000856 087 INF - [                                ] com.sh.StartApplication                    50: Starting StartApplication on DESKTOP-397LPDK with PID 12088 (E:\project\LapLap\start-ser\target\classes started by NaNa in E:\project\LapLap)
20191128 000856 089 INF - [                                ] com.sh.StartApplication                   654: No active profile set, falling back to default profiles: default
20191128 000856 113 INF - [                                ] ConfigServletWebServerApplicationContext  588: Refreshing org.springframework.boot.web.servlet.context.AnnotationConfigServletWebServerApplicationContext@33c911a1: startup date [Thu Nov 28 00:08:56 CST 2019]; root of context hierarchy
20191128 000856 771 INF - [                                ] o.s.i.config.IntegrationRegistrar         361: No bean named 'integrationHeaderChannelRegistry' has been explicitly defined. Therefore, a default DefaultHeaderChannelRegistry will be created.
20191128 000856 926 INF - [                                ] faultConfiguringBeanFactoryPostProcessor  130: No bean named 'errorChannel' has been explicitly defined. Therefore, a default PublishSubscribeChannel will be created.
20191128 000856 930 INF - [                                ] faultConfiguringBeanFactoryPostProcessor  158: No bean named 'taskScheduler' has been explicitly defined. Therefore, a default ThreadPoolTaskScheduler will be created.
20191128 000857 021 INF - [                                ] trationDelegate$BeanPostProcessorChecker  326: Bean 'org.springframework.transaction.annotation.ProxyTransactionManagementConfiguration' of type [org.springframework.transaction.annotation.ProxyTransactionManagementConfiguration$$EnhancerBySpringCGLIB$$a5c42342] is not eligible for getting processed by all BeanPostProcessors (for example: not eligible for auto-proxying)
20191128 000857 074 INF - [                                ] trationDelegate$BeanPostProcessorChecker  326: Bean 'org.springframework.integration.config.IntegrationManagementConfiguration' of type [org.springframework.integration.config.IntegrationManagementConfiguration$$EnhancerBySpringCGLIB$$10b5de71] is not eligible for getting processed by all BeanPostProcessors (for example: not eligible for auto-proxying)
20191128 000857 346 INF - [                                ] o.s.b.w.embedded.tomcat.TomcatWebServer    91: Tomcat initialized with port(s): 9999 (http)
20191128 000857 364 INF - [                                ] o.apache.catalina.core.StandardService    180: Starting service [Tomcat]
20191128 000857 364 INF - [                                ] org.apache.catalina.core.StandardEngine   180: Starting Servlet Engine: Apache Tomcat/8.5.37
20191128 000857 367 INF - [                                ] o.a.catalina.core.AprLifecycleListener    180: The APR based Apache Tomcat Native library which allows optimal performance in production environments was not found on the java.library.path: [C:\Program Files\Java\jdk1.8.0_141\bin;C:\Windows\Sun\Java\bin;C:\Windows\system32;C:\Windows;C:\Program Files (x86)\NVIDIA Corporation\PhysX\Common;C:\Windows\system32;C:\Windows;C:\Windows\System32\Wbem;C:\Windows\System32\WindowsPowerShell\v1.0\;C:\Windows\System32\OpenSSH\;C:\Program Files (x86)\Intel\Intel(R) Management Engine Components\DAL;C:\Program Files\Intel\Intel(R) Management Engine Components\DAL;C:\Program Files\Java\jdk1.8.0_141\bin;E:\work\Maven\apache-maven-3.5.2\bin;E:\work\Git\Git\cmd;C:\Users\NaNa\AppData\Local\Microsoft\WindowsApps;;E:\work\Webstorm\WebStorm 2019.3\bin;;.]
20191128 000857 459 INF - [                                ] o.a.c.c.C.[Tomcat].[localhost].[/sh]      180: Initializing Spring embedded WebApplicationContext
20191128 000857 459 INF - [                                ] o.s.web.context.ContextLoader             296: Root WebApplicationContext: initialization completed in 1346 ms
20191128 000857 505 INF - [                                ] o.s.b.w.servlet.ServletRegistrationBean   187: Servlet dispatcherServlet mapped to [/]
20191128 000857 508 INF - [                                ] o.s.b.w.servlet.FilterRegistrationBean    245: Mapping filter: 'characterEncodingFilter' to: [/*]
20191128 000857 508 INF - [                                ] o.s.b.w.servlet.FilterRegistrationBean    245: Mapping filter: 'hiddenHttpMethodFilter' to: [/*]
20191128 000857 508 INF - [                                ] o.s.b.w.servlet.FilterRegistrationBean    245: Mapping filter: 'httpPutFormContentFilter' to: [/*]
20191128 000857 508 INF - [                                ] o.s.b.w.servlet.FilterRegistrationBean    245: Mapping filter: 'requestContextFilter' to: [/*]
20191128 000857 821 INF - [                                ] j.LocalContainerEntityManagerFactoryBean  361: Building JPA container EntityManagerFactory for persistence unit 'default'
20191128 000857 830 INF - [                                ] o.hibernate.jpa.internal.util.LogHelper    31: HHH000204: Processing PersistenceUnitInfo [
	name: default
	...]
20191128 000857 876 INF - [                                ] org.hibernate.Version                      45: HHH000412: Hibernate Core {5.2.17.Final}
20191128 000857 877 INF - [                                ] org.hibernate.cfg.Environment             213: HHH000206: hibernate.properties not found
20191128 000857 881 WAR - [                                ] .h.j.b.i.EntityManagerFactoryBuilderImpl  604: HHH000059: Defining hibernate.transaction.flush_before_completion=true ignored in HEM
20191128 000857 903 INF - [                                ] o.hibernate.annotations.common.Version     66: HCANN000001: Hibernate Commons Annotations {5.0.1.Final}
20191128 000900 364 INF - [                                ] com.alibaba.druid.pool.DruidDataSource    928: {dataSource-1} inited
20191128 000900 370 INF - [                                ] org.hibernate.dialect.Dialect             157: HHH000400: Using dialect: org.hibernate.dialect.MySQL5InnoDBDialect
20191128 000900 677 INF - [                                ] j.LocalContainerEntityManagerFactoryBean  415: Initialized JPA EntityManagerFactory for persistence unit 'default'
20191128 000900 686 INF - [                                ] j.LocalContainerEntityManagerFactoryBean  361: Building JPA container EntityManagerFactory for persistence unit 'default'
20191128 000900 686 INF - [                                ] o.hibernate.jpa.internal.util.LogHelper    31: HHH000204: Processing PersistenceUnitInfo [
	name: default
	...]
20191128 000900 687 WAR - [                                ] .h.j.b.i.EntityManagerFactoryBuilderImpl  604: HHH000059: Defining hibernate.transaction.flush_before_completion=true ignored in HEM
20191128 000900 694 INF - [                                ] org.hibernate.dialect.Dialect             157: HHH000400: Using dialect: org.hibernate.dialect.MySQL5InnoDBDialect
20191128 000900 723 INF - [                                ] j.LocalContainerEntityManagerFactoryBean  415: Initialized JPA EntityManagerFactory for persistence unit 'default'
20191128 000901 292 WAR - [                                ] aWebConfiguration$JpaWebMvcConfiguration  237: spring.jpa.open-in-view is enabled by default. Therefore, database queries may be performed during view rendering. Explicitly configure spring.jpa.open-in-view to disable this warning
20191128 000901 341 INF - [                                ] s.w.s.m.m.a.RequestMappingHandlerMapping  550: Mapped "{[/beijing/login/login],methods=[GET]}" onto public com.sh.common.wrapper.ResultObWrapper<com.sh.ctrl.entity.SysUser> com.sh.controller.LoginController.getLogin()
20191128 000901 343 INF - [                                ] s.w.s.m.m.a.RequestMappingHandlerMapping  550: Mapped "{[/questionBank/findAll],methods=[POST]}" onto public com.sh.common.wrapper.ResultBase com.sh.controller.QuestionBankController.findAll(java.lang.String)
20191128 000901 346 INF - [                                ] s.w.s.m.m.a.RequestMappingHandlerMapping  550: Mapped "{[/swagger-resources/configuration/ui]}" onto public org.springframework.http.ResponseEntity<springfox.documentation.swagger.web.UiConfiguration> springfox.documentation.swagger.web.ApiResourceController.uiConfiguration()
20191128 000901 346 INF - [                                ] s.w.s.m.m.a.RequestMappingHandlerMapping  550: Mapped "{[/swagger-resources]}" onto public org.springframework.http.ResponseEntity<java.util.List<springfox.documentation.swagger.web.SwaggerResource>> springfox.documentation.swagger.web.ApiResourceController.swaggerResources()
20191128 000901 347 INF - [                                ] s.w.s.m.m.a.RequestMappingHandlerMapping  550: Mapped "{[/swagger-resources/configuration/security]}" onto public org.springframework.http.ResponseEntity<springfox.documentation.swagger.web.SecurityConfiguration> springfox.documentation.swagger.web.ApiResourceController.securityConfiguration()
20191128 000901 349 INF - [                                ] s.w.s.m.m.a.RequestMappingHandlerMapping  550: Mapped "{[/error]}" onto public org.springframework.http.ResponseEntity<java.util.Map<java.lang.String, java.lang.Object>> org.springframework.boot.autoconfigure.web.servlet.error.BasicErrorController.error(javax.servlet.http.HttpServletRequest)
20191128 000901 349 INF - [                                ] s.w.s.m.m.a.RequestMappingHandlerMapping  550: Mapped "{[/error],produces=[text/html]}" onto public org.springframework.web.servlet.ModelAndView org.springframework.boot.autoconfigure.web.servlet.error.BasicErrorController.errorHtml(javax.servlet.http.HttpServletRequest,javax.servlet.http.HttpServletResponse)
20191128 000901 525 INF - [                                ] pertySourcedRequestMappingHandlerMapping   69: Mapped URL path [/v2/api-docs] onto method [public org.springframework.http.ResponseEntity<springfox.documentation.spring.web.json.Json> springfox.documentation.swagger2.web.Swagger2Controller.getDocumentation(java.lang.String,javax.servlet.http.HttpServletRequest)]
20191128 000901 584 INF - [                                ] o.s.w.s.handler.SimpleUrlHandlerMapping   373: Mapped URL path [/**/favicon.ico] onto handler of type [class org.springframework.web.servlet.resource.ResourceHttpRequestHandler]
20191128 000901 704 INF - [                                ] s.w.s.m.m.a.RequestMappingHandlerAdapter  588: Looking for @ControllerAdvice: org.springframework.boot.web.servlet.context.AnnotationConfigServletWebServerApplicationContext@33c911a1: startup date [Thu Nov 28 00:08:56 CST 2019]; root of context hierarchy
20191128 000901 742 INF - [                                ] o.s.w.s.handler.SimpleUrlHandlerMapping   373: Mapped URL path [/webjars/**] onto handler of type [class org.springframework.web.servlet.resource.ResourceHttpRequestHandler]
20191128 000901 742 INF - [                                ] o.s.w.s.handler.SimpleUrlHandlerMapping   373: Mapped URL path [/**] onto handler of type [class org.springframework.web.servlet.resource.ResourceHttpRequestHandler]
20191128 000901 793 WAR - [                                ] ion$DefaultTemplateResolverConfiguration  107: Cannot find template location: classpath:/templates/ (please add some templates or check your Thymeleaf configuration)
20191128 000901 948 INF - [                                ] o.s.ui.freemarker.SpringTemplateLoader     62: SpringTemplateLoader for FreeMarker: using resource loader [org.springframework.boot.web.servlet.context.AnnotationConfigServletWebServerApplicationContext@33c911a1: startup date [Thu Nov 28 00:08:56 CST 2019]; root of context hierarchy] and template loader path [classpath:/templates/]
20191128 000901 949 INF - [                                ] o.s.w.s.v.f.FreeMarkerConfigurer          131: ClassTemplateLoader for Spring macros added to FreeMarker configuration
20191128 000901 966 WAR - [                                ] o.s.b.a.f.FreeMarkerAutoConfiguration      70: Cannot find template location(s): [classpath:/templates/] (please add some templates, check your FreeMarker configuration, or set spring.freemarker.checkTemplateLocation=false)
20191128 000902 015 INF - [                                ] o.s.s.c.ThreadPoolTaskScheduler           171: Initializing ExecutorService 'taskScheduler'
20191128 000902 203 INF - [                                ] o.s.j.e.a.AnnotationMBeanExporter         433: Registering beans for JMX exposure on startup
20191128 000902 204 INF - [                                ] o.s.j.e.a.AnnotationMBeanExporter         895: Bean with name 'myDataSource' has been autodetected for JMX exposure
20191128 000902 209 INF - [                                ] o.s.j.e.a.AnnotationMBeanExporter         668: Located MBean 'myDataSource': registering with JMX server as MBean [com.alibaba.druid.pool:name=myDataSource,type=DruidDataSource]
20191128 000902 217 INF - [                                ] o.s.c.support.DefaultLifecycleProcessor   356: Starting beans in phase 0
20191128 000902 217 INF - [                                ] o.s.i.endpoint.EventDrivenConsumer        107: Adding {logging-channel-adapter:_org.springframework.integration.errorLogger} as a subscriber to the 'errorChannel' channel
20191128 000902 217 INF - [                                ] o.s.i.channel.PublishSubscribeChannel      64: Channel 'application.errorChannel' has 1 subscriber(s).
20191128 000902 218 INF - [                                ] o.s.i.endpoint.EventDrivenConsumer        165: started _org.springframework.integration.errorLogger
20191128 000902 219 INF - [                                ] o.s.c.support.DefaultLifecycleProcessor   356: Starting beans in phase 2147483647
20191128 000902 219 INF - [                                ] d.s.w.p.DocumentationPluginsBootstrapper  160: Context refreshed
20191128 000902 227 INF - [                                ] d.s.w.p.DocumentationPluginsBootstrapper  163: Found 1 custom documentation plugin(s)
20191128 000902 245 INF - [                                ] s.d.s.w.s.ApiListingReferenceScanner       41: Scanning for api listing references
20191128 000902 491 INF - [                                ] o.s.b.w.embedded.tomcat.TomcatWebServer   206: Tomcat started on port(s): 9999 (http) with context path '/sh'
20191128 000902 493 INF - [                                ] com.sh.StartApplication                    59: Started StartApplication in 6.662 seconds (JVM running for 7.253)
20191128 000905 139 INF - [                                ] o.a.c.c.C.[Tomcat].[localhost].[/sh]      180: Initializing Spring FrameworkServlet 'dispatcherServlet'
20191128 000905 139 INF - [                                ] o.s.web.servlet.DispatcherServlet         497: FrameworkServlet 'dispatcherServlet': initialization started
20191128 000905 152 INF - [                                ] o.s.web.servlet.DispatcherServlet         512: FrameworkServlet 'dispatcherServlet': initialization completed in 13 ms
