20191127 213946 239 WAR - [                                ] .h.j.b.i.EntityManagerFactoryBuilderImpl  604: HHH000059: Defining hibernate.transaction.flush_before_completion=true ignored in HEM
20191127 213946 722 WAR - [                                ] o.h.e.j.e.i.JdbcEnvironmentInitiator      132: HHH000342: Could not obtain connection to query metadata : Access denied for user 'econe'@'180.158.29.59' (using password: YES)
20191127 213947 160 WAR - [                                ] .h.j.b.i.EntityManagerFactoryBuilderImpl  604: HHH000059: Defining hibernate.transaction.flush_before_completion=true ignored in HEM
20191127 214044 565 WAR - [                                ] .h.j.b.i.EntityManagerFactoryBuilderImpl  604: HHH000059: Defining hibernate.transaction.flush_before_completion=true ignored in HEM
20191127 214044 938 WAR - [                                ] o.h.e.j.e.i.JdbcEnvironmentInitiator      132: HHH000342: Could not obtain connection to query metadata : Access denied for user 'econe'@'180.158.29.59' (using password: YES)
20191127 214045 232 WAR - [                                ] .h.j.b.i.EntityManagerFactoryBuilderImpl  604: HHH000059: Defining hibernate.transaction.flush_before_completion=true ignored in HEM
20191127 214119 345 WAR - [                                ] .h.j.b.i.EntityManagerFactoryBuilderImpl  604: HHH000059: Defining hibernate.transaction.flush_before_completion=true ignored in HEM
20191127 214119 684 WAR - [                                ] o.h.e.j.e.i.JdbcEnvironmentInitiator      132: HHH000342: Could not obtain connection to query metadata : Access denied for user 'econe'@'180.158.29.59' (using password: YES)
20191127 214119 979 WAR - [                                ] .h.j.b.i.EntityManagerFactoryBuilderImpl  604: HHH000059: Defining hibernate.transaction.flush_before_completion=true ignored in HEM
20191127 214157 531 WAR - [                                ] .h.j.b.i.EntityManagerFactoryBuilderImpl  604: HHH000059: Defining hibernate.transaction.flush_before_completion=true ignored in HEM
20191127 214157 860 WAR - [                                ] o.h.e.j.e.i.JdbcEnvironmentInitiator      132: HHH000342: Could not obtain connection to query metadata : Access denied for user 'econe'@'180.158.29.59' (using password: YES)
20191127 214158 150 WAR - [                                ] .h.j.b.i.EntityManagerFactoryBuilderImpl  604: HHH000059: Defining hibernate.transaction.flush_before_completion=true ignored in HEM
20191127 214245 309 WAR - [                                ] .h.j.b.i.EntityManagerFactoryBuilderImpl  604: HHH000059: Defining hibernate.transaction.flush_before_completion=true ignored in HEM
20191127 214245 629 WAR - [                                ] o.h.e.j.e.i.JdbcEnvironmentInitiator      132: HHH000342: Could not obtain connection to query metadata : Access denied for user 'econe'@'180.158.29.59' (using password: YES)
20191127 214245 906 WAR - [                                ] .h.j.b.i.EntityManagerFactoryBuilderImpl  604: HHH000059: Defining hibernate.transaction.flush_before_completion=true ignored in HEM
20191127 214347 887 WAR - [                                ] .h.j.b.i.EntityManagerFactoryBuilderImpl  604: HHH000059: Defining hibernate.transaction.flush_before_completion=true ignored in HEM
20191127 214350 719 WAR - [                                ] .h.j.b.i.EntityManagerFactoryBuilderImpl  604: HHH000059: Defining hibernate.transaction.flush_before_completion=true ignored in HEM
20191127 214351 165 WAR - [                                ] aWebConfiguration$JpaWebMvcConfiguration  237: spring.jpa.open-in-view is enabled by default. Therefore, database queries may be performed during view rendering. Explicitly configure spring.jpa.open-in-view to disable this warning
20191127 214351 612 WAR - [                                ] ion$DefaultTemplateResolverConfiguration  107: Cannot find template location: classpath:/templates/ (please add some templates or check your Thymeleaf configuration)
20191127 214351 804 WAR - [                                ] o.s.b.a.f.FreeMarkerAutoConfiguration      70: Cannot find template location(s): [classpath:/templates/] (please add some templates, check your FreeMarker configuration, or set spring.freemarker.checkTemplateLocation=false)
20191127 215936 234 WAR - [                                ] .h.j.b.i.EntityManagerFactoryBuilderImpl  604: HHH000059: Defining hibernate.transaction.flush_before_completion=true ignored in HEM
20191127 215939 086 WAR - [                                ] .h.j.b.i.EntityManagerFactoryBuilderImpl  604: HHH000059: Defining hibernate.transaction.flush_before_completion=true ignored in HEM
20191127 215939 132 WAR - [                                ] ConfigServletWebServerApplicationContext  556: Exception encountered during context initialization - cancelling refresh attempt: org.springframework.beans.factory.UnsatisfiedDependencyException: Error creating bean with name 'loginController': Unsatisfied dependency expressed through method 'setSysUserApi' parameter 0; nested exception is org.springframework.beans.factory.UnsatisfiedDependencyException: Error creating bean with name 'sysUserApi': Unsatisfied dependency expressed through method 'setSysUserService' parameter 0; nested exception is org.springframework.beans.factory.NoSuchBeanDefinitionException: No qualifying bean of type 'com.sh.ctrl.service.SysUserService' available: expected at least 1 bean which qualifies as autowire candidate. Dependency annotations: {}
20191127 220150 250 WAR - [                                ] .h.j.b.i.EntityManagerFactoryBuilderImpl  604: HHH000059: Defining hibernate.transaction.flush_before_completion=true ignored in HEM
20191127 220153 071 WAR - [                                ] .h.j.b.i.EntityManagerFactoryBuilderImpl  604: HHH000059: Defining hibernate.transaction.flush_before_completion=true ignored in HEM
20191127 220153 515 WAR - [                                ] aWebConfiguration$JpaWebMvcConfiguration  237: spring.jpa.open-in-view is enabled by default. Therefore, database queries may be performed during view rendering. Explicitly configure spring.jpa.open-in-view to disable this warning
20191127 220153 945 WAR - [                                ] ion$DefaultTemplateResolverConfiguration  107: Cannot find template location: classpath:/templates/ (please add some templates or check your Thymeleaf configuration)
20191127 220154 125 WAR - [                                ] o.s.b.a.f.FreeMarkerAutoConfiguration      70: Cannot find template location(s): [classpath:/templates/] (please add some templates, check your FreeMarker configuration, or set spring.freemarker.checkTemplateLocation=false)
20191127 220703 602 WAR - [                                ] .h.j.b.i.EntityManagerFactoryBuilderImpl  604: HHH000059: Defining hibernate.transaction.flush_before_completion=true ignored in HEM
20191127 220706 399 WAR - [                                ] .h.j.b.i.EntityManagerFactoryBuilderImpl  604: HHH000059: Defining hibernate.transaction.flush_before_completion=true ignored in HEM
20191127 220706 794 WAR - [                                ] aWebConfiguration$JpaWebMvcConfiguration  237: spring.jpa.open-in-view is enabled by default. Therefore, database queries may be performed during view rendering. Explicitly configure spring.jpa.open-in-view to disable this warning
20191127 220707 231 WAR - [                                ] ion$DefaultTemplateResolverConfiguration  107: Cannot find template location: classpath:/templates/ (please add some templates or check your Thymeleaf configuration)
20191127 220707 397 WAR - [                                ] o.s.b.a.f.FreeMarkerAutoConfiguration      70: Cannot find template location(s): [classpath:/templates/] (please add some templates, check your FreeMarker configuration, or set spring.freemarker.checkTemplateLocation=false)
